1519223749235	geckodriver	INFO	geckodriver 0.19.1
1519223749278	geckodriver	INFO	Listening on 127.0.0.1:50104
1519223752422	mozrunner::runner	INFO	Running command: "C:\\Program Files\\Mozilla Firefox\\firefox.exe" "-marionette" "-profile" "C:\\Users\\alanh\\AppData\\Local\\Temp\\rust_mozprofile.H0fuxI2M7gAa"
Unable to read VR Path Registry from C:\Users\alanh\AppData\Local\openvr\openvrpaths.vrpath
1519223757337	Marionette	INFO	Enabled via --marionette
Unable to read VR Path Registry from C:\Users\alanh\AppData\Local\openvr\openvrpaths.vrpath
Unable to read VR Path Registry from C:\Users\alanh\AppData\Local\openvr\openvrpaths.vrpath
Unable to read VR Path Registry from C:\Users\alanh\AppData\Local\openvr\openvrpaths.vrpath
[Parent 14836, Gecko_IOThread] WARNING: pipe error: 109: file z:/build/build/src/ipc/chromium/src/chrome/common/ipc_channel_win.cc, line 346
[Child 9348, Chrome_ChildThread] WARNING: pipe error: 109: file z:/build/build/src/ipc/chromium/src/chrome/common/ipc_channel_win.cc, line 346
[Child 9348, Chrome_ChildThread] WARNING: pipe error: 109: file z:/build/build/src/ipc/chromium/src/chrome/common/ipc_channel_win.cc, line 346
Unable to read VR Path Registry from C:\Users\alanh\AppData\Local\openvr\openvrpaths.vrpath
1519223778204	Marionette	INFO	Listening on port 50114
1519223779059	Marionette	WARN	TLS certificate errors will be ignored for this session
Unable to read VR Path Registry from C:\Users\alanh\AppData\Local\openvr\openvrpaths.vrpath
[Parent 14836, Gecko_IOThread] WARNING: pipe error: 109: file z:/build/build/src/ipc/chromium/src/chrome/common/ipc_channel_win.cc, line 346
1519223881896	geckodriver	INFO	geckodriver 0.19.1
1519223881908	geckodriver	INFO	Listening on 127.0.0.1:50179
1519223885120	mozrunner::runner	INFO	Running command: "C:\\Program Files\\Mozilla Firefox\\firefox.exe" "-marionette" "-profile" "C:\\Users\\alanh\\AppData\\Local\\Temp\\rust_mozprofile.Ko7p2J8adTxt"
Unable to read VR Path Registry from C:\Users\alanh\AppData\Local\openvr\openvrpaths.vrpath
1519223887124	Marionette	INFO	Enabled via --marionette
Unable to read VR Path Registry from C:\Users\alanh\AppData\Local\openvr\openvrpaths.vrpath
Unable to read VR Path Registry from C:\Users\alanh\AppData\Local\openvr\openvrpaths.vrpath
Unable to read VR Path Registry from C:\Users\alanh\AppData\Local\openvr\openvrpaths.vrpath
Unable to read VR Path Registry from C:\Users\alanh\AppData\Local\openvr\openvrpaths.vrpath
1519223891049	Marionette	INFO	Listening on port 50187
1519223891354	Marionette	WARN	TLS certificate errors will be ignored for this session
[Parent 8008, Gecko_IOThread] WARNING: pipe error: 109: file z:/build/build/src/ipc/chromium/src/chrome/common/ipc_channel_win.cc, line 346
1519262063359	geckodriver	INFO	geckodriver 0.19.1
1519262063368	geckodriver	INFO	Listening on 127.0.0.1:51305
1519262066488	mozrunner::runner	INFO	Running command: "C:\\Program Files\\Mozilla Firefox\\firefox.exe" "-marionette" "-profile" "C:\\Users\\alanh\\AppData\\Local\\Temp\\rust_mozprofile.x7HCQy7PHpo1"
Unable to read VR Path Registry from C:\Users\alanh\AppData\Local\openvr\openvrpaths.vrpath
1519262068167	Marionette	INFO	Enabled via --marionette
Unable to read VR Path Registry from C:\Users\alanh\AppData\Local\openvr\openvrpaths.vrpath
Unable to read VR Path Registry from C:\Users\alanh\AppData\Local\openvr\openvrpaths.vrpath
Unable to read VR Path Registry from C:\Users\alanh\AppData\Local\openvr\openvrpaths.vrpath
Unable to read VR Path Registry from C:\Users\alanh\AppData\Local\openvr\openvrpaths.vrpath
1519262071570	Marionette	INFO	Listening on port 51313
1519262071750	Marionette	WARN	TLS certificate errors will be ignored for this session
1519262072352	addons.xpi	WARN	Exception running bootstrap method shutdown on activity-stream@mozilla.org: [Exception... "Component returned failure code: 0x80004005 (NS_ERROR_FAILURE) [nsIObserverService.removeObserver]"  nsresult: "0x80004005 (NS_ERROR_FAILURE)"  location: "JS frame :: resource://activity-stream/lib/SnippetsFeed.jsm :: uninit :: line 125"  data: no] Stack trace: uninit()@resource://activity-stream/lib/SnippetsFeed.jsm:125 < onAction()@resource://activity-stream/lib/SnippetsFeed.jsm:141 < _middleware/</<()@resource://activity-stream/lib/Store.jsm:51 < Store/this[method]()@resource://activity-stream/lib/Store.jsm:30 < uninit()@resource://activity-stream/lib/Store.jsm:153 < uninit()@resource://activity-stream/lib/ActivityStream.jsm:278 < uninit()@resource://gre/modules/addons/XPIProvider.jsm -> jar:file:///C:/Program%20Files/Mozilla%20Firefox/browser/features/activity-stream@mozilla.org.xpi!/bootstrap.js:80 < shutdown()@resource://gre/modules/addons/XPIProvider.jsm -> jar:file:///C:/Program%20Files/Mozilla%20Firefox/browser/features/activity-stream@mozilla.org.xpi!/bootstrap.js:196 < callBootstrapMethod()@resource://gre/modules/addons/XPIProvider.jsm:4406 < observe()@resource://gre/modules/addons/XPIProvider.jsm:2270 < GeckoDriver.prototype.quit()@driver.js:3381 < despatch()@server.js:560 < execute()@server.js:534 < onPacket/<()@server.js:509 < onPacket()@server.js:508 < _onJSONObjectReady/<()@transport.js:500
